2021-11-18 13:59:51,681 DEBUG [main] Runner:43 - driver is intialized.
2021-11-18 14:00:11,993 DEBUG [main] Runner:136 - Product name entered.
2021-11-18 14:00:20,736 DEBUG [main] Runner:25 - clicked On product
2021-11-18 14:00:24,917 DEBUG [main] Runner:30 - selecting the quantity
2021-11-18 14:00:26,114 DEBUG [main] Runner:33 - clicked on Add to cart
2021-11-18 14:00:26,116 DEBUG [main] Runner:12 - Product is added to cart
2021-11-18 14:00:28,729 DEBUG [main] Runner:12 - Product is added to cart
2021-11-18 14:00:29,305 DEBUG [main] Runner:142 - Test 6 completed.
2021-11-18 14:00:34,686 DEBUG [main] Runner:12 - Browser is Navigated to the Given Url
2021-11-18 14:00:35,229 DEBUG [main] Runner:54 - Test 1 completed.
2021-11-18 14:00:35,322 DEBUG [main] Runner:12 - Title is Verified.
2021-11-18 14:00:35,916 DEBUG [main] Runner:12 - Logo is visible.
2021-11-18 14:00:43,000 DEBUG [main] Runner:76 - Base Url opened
2021-11-18 14:00:50,247 DEBUG [main] Runner:25 - Signin Page opened
2021-11-18 14:00:53,719 DEBUG [main] Runner:31 - Entered the email
2021-11-18 14:00:55,046 DEBUG [main] Runner:35 - Entered the Password
2021-11-18 14:01:04,734 DEBUG [main] Runner:12 - clicked on SignIn
2021-11-18 14:01:05,363 DEBUG [main] Runner:12 - Successfully Signed in
2021-11-18 14:01:05,575 DEBUG [main] Runner:101 - Test 6 completed.
2021-11-18 14:01:16,969  INFO [main] Runner:43 - Price of Lamon File Organizer: Rs. 499
2021-11-18 14:01:17,414  INFO [main] Runner:48 - Status: 
2021-11-18 14:01:17,415 DEBUG [main] Runner:12 - Details Fetched Successfully.
2021-11-18 14:01:18,122 DEBUG [main] Runner:153 - Test 7 completed.
2021-11-18 14:01:23,321 DEBUG [main] Runner:25 - Navigated to Contact Page
2021-11-18 14:01:24,273 DEBUG [main] Runner:30 - Filled the details and clicked on send.
2021-11-18 14:01:26,288 DEBUG [main] Runner:12 - Message sent successfully.
2021-11-18 14:01:26,572 DEBUG [main] Runner:164 - Test 8 completed.
2021-11-18 14:01:33,960 DEBUG [main] Runner:27 - Finding your order.
2021-11-18 14:01:36,087  INFO [main] Runner:30 - Status of your order: Sorry, that order was not found
The email address entered must match the email address that was used when the order was placed. Please contact support if you continue to have trouble finding your order.
2021-11-18 14:01:36,089 DEBUG [main] Runner:12 - Track order test success.
2021-11-18 14:01:36,358 DEBUG [main] Runner:175 - Test 9 completed.
2021-11-18 14:01:41,833 DEBUG [main] Runner:23 - clicked on About us
2021-11-18 14:01:43,853 DEBUG [main] Runner:12 - Page Title is verfied
2021-11-18 14:01:44,242 DEBUG [main] Runner:186 - Test 10 completed.
